<?xml version="1.0" encoding="UTF-8"?>
<!-- Generated by org.testng.reporters.JUnitReportReporter -->
<testsuite hostname="LAPTOP-3BL16AQ1" failures="0" tests="3" name="TestNgAttributes.Timeouts_Attribute" time="3.558" errors="0" timestamp="2023-05-06T18:37:21 IST" skipped="0">
  <testcase classname="TestNgAttributes.Timeouts_Attribute" name="enterUsername" time="0.924"/>
  <system-out/>
  <testcase classname="TestNgAttributes.Timeouts_Attribute" name="enterPassword" time="0.339"/>
  <system-out/>
  <testcase classname="TestNgAttributes.Timeouts_Attribute" name="clickLogin" time="2.295"/>
  <system-out/>
</testsuite> <!-- TestNgAttributes.Timeouts_Attribute -->
