<?xml version="1.0" encoding="UTF-8"?>
<!-- Generated by org.testng.reporters.JUnitReportReporter -->
<testsuite hostname="LAPTOP-3BL16AQ1" failures="0" tests="6" name="TestNgAttributes.InvocationCount_Attribute" time="1.844" errors="0" timestamp="2023-05-06T18:38:58 IST" skipped="0">
  <testcase classname="TestNgAttributes.InvocationCount_Attribute" name="enterUsername" time="0.097"/>
  <system-out/>
  <testcase classname="TestNgAttributes.InvocationCount_Attribute" name="enterUsername" time="0.274"/>
  <system-out/>
  <testcase classname="TestNgAttributes.InvocationCount_Attribute" name="enterUsername" time="0.111"/>
  <system-out/>
  <testcase classname="TestNgAttributes.InvocationCount_Attribute" name="enterUsername" time="1.045"/>
  <system-out/>
  <testcase classname="TestNgAttributes.InvocationCount_Attribute" name="enterUsername" time="0.112"/>
  <system-out/>
  <testcase classname="TestNgAttributes.InvocationCount_Attribute" name="enterPassword" time="0.205"/>
  <system-out/>
</testsuite> <!-- TestNgAttributes.InvocationCount_Attribute -->
