<?xml version="1.0" encoding="UTF-8"?>
<!-- Generated by org.testng.reporters.JUnitReportReporter -->
<testsuite hostname="LAPTOP-3BL16AQ1" failures="0" tests="3" name="Tests.ForgotYourPasswordTest" time="16.808" errors="0" timestamp="2023-05-23T18:30:09 IST" skipped="0">
  <testcase classname="Tests.ForgotYourPasswordTest" name="clickForgootYourPasswordLink" time="4.389"/>
  <system-out/>
  <testcase classname="Tests.ForgotYourPasswordTest" name="enterUsername" time="5.756"/>
  <system-out/>
  <testcase classname="Tests.ForgotYourPasswordTest" name="clickCancel" time="6.663"/>
  <system-out/>
</testsuite> <!-- Tests.ForgotYourPasswordTest -->
