<?xml version="1.0" encoding="UTF-8"?>
<!-- Generated by org.testng.reporters.JUnitReportReporter -->
<testsuite hostname="LAPTOP-3BL16AQ1" failures="0" tests="3" name="Tests.LoginTest" time="2.073" errors="0" timestamp="2023-05-23T18:18:56 IST" skipped="0">
  <testcase classname="Tests.LoginTest" name="enterUsername" time="1.135"/>
  <system-out/>
  <testcase classname="Tests.LoginTest" name="enterPassword" time="0.600"/>
  <system-out/>
  <testcase classname="Tests.LoginTest" name="clickLogin" time="0.338"/>
  <system-out/>
</testsuite> <!-- Tests.LoginTest -->
