<?xml version="1.0" encoding="UTF-8"?>
<!-- Generated by org.testng.reporters.JUnitReportReporter -->
<testsuite hostname="LAPTOP-3BL16AQ1" failures="0" tests="3" name="TestNg.LoginOrangeHRM2" time="11.873" errors="0" timestamp="2023-05-06T18:14:02 IST" skipped="0">
  <testcase classname="TestNg.LoginOrangeHRM2" name="enterUsername" time="5.843"/>
  <system-out/>
  <testcase classname="TestNg.LoginOrangeHRM2" name="enterPassword" time="2.897"/>
  <system-out/>
  <testcase classname="TestNg.LoginOrangeHRM2" name="clickLogin" time="3.133"/>
  <system-out/>
</testsuite> <!-- TestNg.LoginOrangeHRM2 -->
