<?xml version="1.0" encoding="UTF-8"?>
<!-- Generated by org.testng.reporters.JUnitReportReporter -->
<testsuite hostname="LAPTOP-3BL16AQ1" failures="0" tests="5" name="Tests.LoginAndLogout" time="26.178" errors="0" timestamp="2023-05-31T18:23:56 IST" skipped="0">
  <testcase classname="Tests.LoginAndLogout" name="enterUsername" time="1.773"/>
  <system-out/>
  <testcase classname="Tests.LoginAndLogout" name="enterPassword" time="0.389"/>
  <system-out/>
  <testcase classname="Tests.LoginAndLogout" name="clickLogin" time="1.531"/>
  <system-out/>
  <testcase classname="Tests.LoginAndLogout" name="clickButtonInHomePage" time="8.311"/>
  <system-out/>
  <testcase classname="Tests.LoginAndLogout" name="clickLogoutButton" time="14.174"/>
  <system-out/>
</testsuite> <!-- Tests.LoginAndLogout -->
