<?xml version="1.0" encoding="UTF-8"?>
<!-- Generated by org.testng.reporters.JUnitReportReporter -->
<testsuite hostname="LAPTOP-3BL16AQ1" failures="0" tests="2" name="ExtentReports.ExtentReportExample" time="2.977" errors="0" timestamp="2023-05-16T18:18:27 IST" skipped="0">
  <testcase classname="ExtentReports.ExtentReportExample" name="loginToOrangeHRM" time="2.930"/>
  <system-out/>
  <testcase classname="ExtentReports.ExtentReportExample" name="clickLogout" time="0.047"/>
  <system-out/>
</testsuite> <!-- ExtentReports.ExtentReportExample -->
