<?xml version="1.0" encoding="UTF-8"?>
<!-- Generated by org.testng.reporters.JUnitReportReporter -->
<testsuite hostname="LAPTOP-3BL16AQ1" failures="0" tests="3" name="TestNgAttributes.DependsOnMethods_Attribute" time="3.105" errors="0" timestamp="2023-05-06T18:41:13 IST" skipped="0">
  <testcase classname="TestNgAttributes.DependsOnMethods_Attribute" name="enterUsername" time="1.154"/>
  <system-out/>
  <testcase classname="TestNgAttributes.DependsOnMethods_Attribute" name="enterPassword" time="0.327"/>
  <system-out/>
  <testcase classname="TestNgAttributes.DependsOnMethods_Attribute" name="clickLogin" time="1.624"/>
  <system-out/>
</testsuite> <!-- TestNgAttributes.DependsOnMethods_Attribute -->
