<?xml version="1.0" encoding="UTF-8"?>
<!-- Generated by org.testng.reporters.JUnitReportReporter -->
<testsuite hostname="LAPTOP-3BL16AQ1" failures="0" tests="3" name="TestNgAttributes.Enabled_Attribute" time="1.431" errors="0" timestamp="2023-05-06T18:34:09 IST" skipped="1">
  <testcase classname="TestNgAttributes.Enabled_Attribute" name="enterUsername" time="1.084"/>
  <system-out/>
  <testcase classname="TestNgAttributes.Enabled_Attribute" name="enterPassword" time="0.347"/>
  <system-out/>
  <testcase classname="TestNgAttributes.Enabled_Attribute" name="clickLogin">
    <skipped/>
  </testcase> <!-- clickLogin -->
  <system-out/>
</testsuite> <!-- TestNgAttributes.Enabled_Attribute -->
