<?xml version="1.0" encoding="UTF-8"?>
<!-- Generated by org.testng.reporters.JUnitReportReporter -->
<testsuite hostname="LAPTOP-3BL16AQ1" failures="0" tests="3" name="TestNg.DataProviders_Example" time="2.145" errors="0" timestamp="2023-05-06T18:27:50 IST" skipped="0">
  <testcase classname="TestNg.DataProviders_Example" name="verifyCredentials" time="0.841"/>
  <system-out/>
  <testcase classname="TestNg.DataProviders_Example" name="verifyCredentials" time="0.589"/>
  <system-out/>
  <testcase classname="TestNg.DataProviders_Example" name="verifyCredentials" time="0.715"/>
  <system-out/>
</testsuite> <!-- TestNg.DataProviders_Example -->
