<?xml version="1.0" encoding="UTF-8"?>
<!-- Generated by org.testng.reporters.JUnitReportReporter -->
<testsuite hostname="LAPTOP-3BL16AQ1" failures="0" tests="3" name="TestNg.ScreenshotsVerification" time="3.576" errors="0" timestamp="2023-05-15T18:23:05 IST" skipped="0">
  <testcase classname="TestNg.ScreenshotsVerification" name="enterUsername" time="1.340"/>
  <system-out/>
  <testcase classname="TestNg.ScreenshotsVerification" name="enterPassword" time="0.376"/>
  <system-out/>
  <testcase classname="TestNg.ScreenshotsVerification" name="clickLogin" time="1.860"/>
  <system-out/>
</testsuite> <!-- TestNg.ScreenshotsVerification -->
