<?xml version="1.0" encoding="UTF-8"?>
<!-- Generated by org.testng.reporters.JUnitReportReporter -->
<testsuite hostname="LAPTOP-3BL16AQ1" failures="0" tests="3" name="TestNg.LoginOrangeHRM_Edge" time="3.856" errors="0" timestamp="2023-05-06T18:45:43 IST" skipped="0">
  <testcase classname="TestNg.LoginOrangeHRM_Edge" name="enterUsername" time="1.290"/>
  <system-out/>
  <testcase classname="TestNg.LoginOrangeHRM_Edge" name="enterPassword" time="0.795"/>
  <system-out/>
  <testcase classname="TestNg.LoginOrangeHRM_Edge" name="clickLogin" time="1.771"/>
  <system-out/>
</testsuite> <!-- TestNg.LoginOrangeHRM_Edge -->
