<?xml version="1.0" encoding="UTF-8"?>
<!-- Generated by org.testng.reporters.JUnitReportReporter -->
<testsuite hostname="LAPTOP-3BL16AQ1" failures="0" tests="3" name="TestNg.LoginOrangeHRM" time="3.503" errors="0" timestamp="2023-05-06T18:45:43 IST" skipped="0">
  <testcase classname="TestNg.LoginOrangeHRM" name="enterUsername" time="1.164"/>
  <system-out/>
  <testcase classname="TestNg.LoginOrangeHRM" name="enterPassword" time="0.489"/>
  <system-out/>
  <testcase classname="TestNg.LoginOrangeHRM" name="clickLogin" time="1.850"/>
  <system-out/>
</testsuite> <!-- TestNg.LoginOrangeHRM -->
