<?xml version="1.0" encoding="UTF-8"?>
<!-- Generated by org.testng.reporters.JUnitReportReporter -->
<testsuite hostname="LAPTOP-3BL16AQ1" failures="0" tests="3" name="TestNgAttributes.Descritpion_Attribute" time="3.063" errors="0" timestamp="2023-05-06T18:35:55 IST" skipped="0">
  <testcase classname="TestNgAttributes.Descritpion_Attribute" name="enterUsername" time="0.976"/>
  <system-out/>
  <testcase classname="TestNgAttributes.Descritpion_Attribute" name="enterPassword" time="0.444"/>
  <system-out/>
  <testcase classname="TestNgAttributes.Descritpion_Attribute" name="clickLogin" time="1.643"/>
  <system-out/>
</testsuite> <!-- TestNgAttributes.Descritpion_Attribute -->
