<?xml version="1.0" encoding="UTF-8"?>
<!-- Generated by org.testng.reporters.JUnitReportReporter -->
<testsuite hostname="LAPTOP-3BL16AQ1" failures="0" tests="3" name="TestNgAttributes.PriorityAttribute" time="3.712" errors="0" timestamp="2023-05-06T18:32:45 IST" skipped="0">
  <testcase classname="TestNgAttributes.PriorityAttribute" name="enterUsername" time="1.329"/>
  <system-out/>
  <testcase classname="TestNgAttributes.PriorityAttribute" name="enterPassword" time="0.620"/>
  <system-out/>
  <testcase classname="TestNgAttributes.PriorityAttribute" name="clickLogin" time="1.763"/>
  <system-out/>
</testsuite> <!-- TestNgAttributes.PriorityAttribute -->
